<?xml version="1.0" encoding="UTF-8"?>
<!-- Generated by org.testng.reporters.JUnitReportReporter -->
<testsuite hostname="LAPTOP-VILED22F" failures="0" tests="1" name="com.ecom.flipkart.featuretest.FlipKartIphoneTest" time="14.299" errors="0" timestamp="21 Feb 2021 21:22:53 GMT" skipped="0">
  <testcase classname="com.ecom.flipkart.featuretest.FlipKartIphoneTest" name="iphoneTest" time="14.299"/>
</testsuite> <!-- com.ecom.flipkart.featuretest.FlipKartIphoneTest -->
